Performing C SOURCE FILE Test CMAKE_HAVE_LIBC_PTHREAD failed with the following output:
Change Dir: /run/media/filippo/AUKEY/Università/Embedded & IoT Systems Design/Laboratorio/Lesson 2/sources/root_comparison/RTL/build/CMakeFiles/CMakeTmp

Run Build Command(s):/usr/bin/make cmTC_d0d41/fast && /usr/bin/make  -f CMakeFiles/cmTC_d0d41.dir/build.make CMakeFiles/cmTC_d0d41.dir/build
make[1]: Entering directory '/run/media/filippo/AUKEY/Università/Embedded & IoT Systems Design/Laboratorio/Lesson 2/sources/root_comparison/RTL/build/CMakeFiles/CMakeTmp'
Building C object CMakeFiles/cmTC_d0d41.dir/src.c.o
/usr/bin/cc   -DCMAKE_HAVE_LIBC_PTHREAD -o CMakeFiles/cmTC_d0d41.dir/src.c.o -c "/run/media/filippo/AUKEY/Università/Embedded & IoT Systems Design/Laboratorio/Lesson 2/sources/root_comparison/RTL/build/CMakeFiles/CMakeTmp/src.c"
Linking C executable cmTC_d0d41
/usr/bin/cmake -E cmake_link_script CMakeFiles/cmTC_d0d41.dir/link.txt --verbose=1
/usr/bin/cc  -DCMAKE_HAVE_LIBC_PTHREAD CMakeFiles/cmTC_d0d41.dir/src.c.o -o cmTC_d0d41 
/usr/bin/ld: CMakeFiles/cmTC_d0d41.dir/src.c.o: in function `main':
src.c:(.text+0x3e): undefined reference to `pthread_create'
/usr/bin/ld: src.c:(.text+0x4a): undefined reference to `pthread_detach'
/usr/bin/ld: src.c:(.text+0x56): undefined reference to `pthread_cancel'
/usr/bin/ld: src.c:(.text+0x67): undefined reference to `pthread_join'
collect2: error: ld returned 1 exit status
make[1]: *** [CMakeFiles/cmTC_d0d41.dir/build.make:106: cmTC_d0d41] Error 1
make[1]: Leaving directory '/run/media/filippo/AUKEY/Università/Embedded & IoT Systems Design/Laboratorio/Lesson 2/sources/root_comparison/RTL/build/CMakeFiles/CMakeTmp'
make: *** [Makefile:140: cmTC_d0d41/fast] Error 2


Source file was:
#include <pthread.h>

void* test_func(void* data)
{
  return data;
}

int main(void)
{
  pthread_t thread;
  pthread_create(&thread, NULL, test_func, NULL);
  pthread_detach(thread);
  pthread_cancel(thread);
  pthread_join(thread, NULL);
  pthread_atfork(NULL, NULL, NULL);
  pthread_exit(NULL);

  return 0;
}

Performing C SOURCE FILE Test CMAKE_HAVE_LIBC_PTHREAD failed with the following output:
Change Dir: /home/filippo/Documents/Università/Embedded & IoT Systems Design/Laboratorio/Lesson 2/sources/root_comparison/RTL/build/CMakeFiles/CMakeTmp

Run Build Command(s):/usr/bin/make cmTC_19e28/fast && /usr/bin/make  -f CMakeFiles/cmTC_19e28.dir/build.make CMakeFiles/cmTC_19e28.dir/build
make[1]: Entering directory '/home/filippo/Documents/Università/Embedded & IoT Systems Design/Laboratorio/Lesson 2/sources/root_comparison/RTL/build/CMakeFiles/CMakeTmp'
Building C object CMakeFiles/cmTC_19e28.dir/src.c.o
/usr/bin/cc   -DCMAKE_HAVE_LIBC_PTHREAD -o CMakeFiles/cmTC_19e28.dir/src.c.o -c "/home/filippo/Documents/Università/Embedded & IoT Systems Design/Laboratorio/Lesson 2/sources/root_comparison/RTL/build/CMakeFiles/CMakeTmp/src.c"
Linking C executable cmTC_19e28
/usr/bin/cmake -E cmake_link_script CMakeFiles/cmTC_19e28.dir/link.txt --verbose=1
/usr/bin/cc  -DCMAKE_HAVE_LIBC_PTHREAD CMakeFiles/cmTC_19e28.dir/src.c.o -o cmTC_19e28 
/usr/bin/ld: CMakeFiles/cmTC_19e28.dir/src.c.o: in function `main':
src.c:(.text+0x3e): undefined reference to `pthread_create'
/usr/bin/ld: src.c:(.text+0x4a): undefined reference to `pthread_detach'
/usr/bin/ld: src.c:(.text+0x56): undefined reference to `pthread_cancel'
/usr/bin/ld: src.c:(.text+0x67): undefined reference to `pthread_join'
collect2: error: ld returned 1 exit status
make[1]: *** [CMakeFiles/cmTC_19e28.dir/build.make:106: cmTC_19e28] Error 1
make[1]: Leaving directory '/home/filippo/Documents/Università/Embedded & IoT Systems Design/Laboratorio/Lesson 2/sources/root_comparison/RTL/build/CMakeFiles/CMakeTmp'
make: *** [Makefile:140: cmTC_19e28/fast] Error 2


Source file was:
#include <pthread.h>

void* test_func(void* data)
{
  return data;
}

int main(void)
{
  pthread_t thread;
  pthread_create(&thread, NULL, test_func, NULL);
  pthread_detach(thread);
  pthread_cancel(thread);
  pthread_join(thread, NULL);
  pthread_atfork(NULL, NULL, NULL);
  pthread_exit(NULL);

  return 0;
}

