Performing C SOURCE FILE Test CMAKE_HAVE_LIBC_PTHREAD failed with the following output:
Change Dir: /media/filippo/AUKEY/Università/Embedded & IoT Systems Design/Laboratorio/VR458510_Filippo_Nevi/Solutions/02/TLM_LT/build/CMakeFiles/CMakeTmp

Run Build Command(s):/usr/bin/make cmTC_87d2d/fast && /usr/bin/make -f CMakeFiles/cmTC_87d2d.dir/build.make CMakeFiles/cmTC_87d2d.dir/build
make[1]: Entering directory '/media/filippo/AUKEY/Università/Embedded & IoT Systems Design/Laboratorio/VR458510_Filippo_Nevi/Solutions/02/TLM_LT/build/CMakeFiles/CMakeTmp'
Building C object CMakeFiles/cmTC_87d2d.dir/src.c.o
/usr/bin/cc   -DCMAKE_HAVE_LIBC_PTHREAD   -o CMakeFiles/cmTC_87d2d.dir/src.c.o   -c "/media/filippo/AUKEY/Università/Embedded & IoT Systems Design/Laboratorio/VR458510_Filippo_Nevi/Solutions/02/TLM_LT/build/CMakeFiles/CMakeTmp/src.c"
Linking C executable cmTC_87d2d
/usr/bin/cmake -E cmake_link_script CMakeFiles/cmTC_87d2d.dir/link.txt --verbose=1
/usr/bin/cc  -DCMAKE_HAVE_LIBC_PTHREAD    CMakeFiles/cmTC_87d2d.dir/src.c.o  -o cmTC_87d2d 
/usr/bin/ld: CMakeFiles/cmTC_87d2d.dir/src.c.o: in function `main':
src.c:(.text+0x46): undefined reference to `pthread_create'
/usr/bin/ld: src.c:(.text+0x52): undefined reference to `pthread_detach'
/usr/bin/ld: src.c:(.text+0x63): undefined reference to `pthread_join'
collect2: error: ld returned 1 exit status
make[1]: *** [CMakeFiles/cmTC_87d2d.dir/build.make:87: cmTC_87d2d] Error 1
make[1]: Leaving directory '/media/filippo/AUKEY/Università/Embedded & IoT Systems Design/Laboratorio/VR458510_Filippo_Nevi/Solutions/02/TLM_LT/build/CMakeFiles/CMakeTmp'
make: *** [Makefile:121: cmTC_87d2d/fast] Error 2


Source file was:
#include <pthread.h>

void* test_func(void* data)
{
  return data;
}

int main(void)
{
  pthread_t thread;
  pthread_create(&thread, NULL, test_func, NULL);
  pthread_detach(thread);
  pthread_join(thread, NULL);
  pthread_atfork(NULL, NULL, NULL);
  pthread_exit(NULL);

  return 0;
}

