Performing C SOURCE FILE Test CMAKE_HAVE_LIBC_PTHREAD failed with the following output:
Change Dir: /home/filippo/Documents/Università/Embedded & IoT Systems Design/Laboratorio/VR458510_Filippo_Nevi/Solutions/02/build/CMakeFiles/CMakeTmp

Run Build Command(s):/usr/bin/make cmTC_f04ff/fast && /usr/bin/make  -f CMakeFiles/cmTC_f04ff.dir/build.make CMakeFiles/cmTC_f04ff.dir/build
make[1]: Entering directory '/home/filippo/Documents/Università/Embedded & IoT Systems Design/Laboratorio/VR458510_Filippo_Nevi/Solutions/02/build/CMakeFiles/CMakeTmp'
Building C object CMakeFiles/cmTC_f04ff.dir/src.c.o
/usr/bin/cc   -DCMAKE_HAVE_LIBC_PTHREAD -o CMakeFiles/cmTC_f04ff.dir/src.c.o -c "/home/filippo/Documents/Università/Embedded & IoT Systems Design/Laboratorio/VR458510_Filippo_Nevi/Solutions/02/build/CMakeFiles/CMakeTmp/src.c"
Linking C executable cmTC_f04ff
/usr/bin/cmake -E cmake_link_script CMakeFiles/cmTC_f04ff.dir/link.txt --verbose=1
/usr/bin/cc  -DCMAKE_HAVE_LIBC_PTHREAD CMakeFiles/cmTC_f04ff.dir/src.c.o -o cmTC_f04ff 
/usr/bin/ld: CMakeFiles/cmTC_f04ff.dir/src.c.o: in function `main':
src.c:(.text+0x3e): undefined reference to `pthread_create'
/usr/bin/ld: src.c:(.text+0x4a): undefined reference to `pthread_detach'
/usr/bin/ld: src.c:(.text+0x56): undefined reference to `pthread_cancel'
/usr/bin/ld: src.c:(.text+0x67): undefined reference to `pthread_join'
collect2: error: ld returned 1 exit status
make[1]: *** [CMakeFiles/cmTC_f04ff.dir/build.make:106: cmTC_f04ff] Error 1
make[1]: Leaving directory '/home/filippo/Documents/Università/Embedded & IoT Systems Design/Laboratorio/VR458510_Filippo_Nevi/Solutions/02/build/CMakeFiles/CMakeTmp'
make: *** [Makefile:140: cmTC_f04ff/fast] Error 2


Source file was:
#include <pthread.h>

void* test_func(void* data)
{
  return data;
}

int main(void)
{
  pthread_t thread;
  pthread_create(&thread, NULL, test_func, NULL);
  pthread_detach(thread);
  pthread_cancel(thread);
  pthread_join(thread, NULL);
  pthread_atfork(NULL, NULL, NULL);
  pthread_exit(NULL);

  return 0;
}

Performing C SOURCE FILE Test CMAKE_HAVE_LIBC_PTHREAD failed with the following output:
Change Dir: /home/filippo/Documents/Università/Embedded & IoT Systems Design/Laboratorio/VR458510_Filippo_Nevi/Solutions/02/RTL/build/CMakeFiles/CMakeTmp

Run Build Command(s):/usr/bin/make cmTC_bb9b1/fast && /usr/bin/make  -f CMakeFiles/cmTC_bb9b1.dir/build.make CMakeFiles/cmTC_bb9b1.dir/build
make[1]: Entering directory '/home/filippo/Documents/Università/Embedded & IoT Systems Design/Laboratorio/VR458510_Filippo_Nevi/Solutions/02/RTL/build/CMakeFiles/CMakeTmp'
Building C object CMakeFiles/cmTC_bb9b1.dir/src.c.o
/usr/bin/cc   -DCMAKE_HAVE_LIBC_PTHREAD -o CMakeFiles/cmTC_bb9b1.dir/src.c.o -c "/home/filippo/Documents/Università/Embedded & IoT Systems Design/Laboratorio/VR458510_Filippo_Nevi/Solutions/02/RTL/build/CMakeFiles/CMakeTmp/src.c"
Linking C executable cmTC_bb9b1
/usr/bin/cmake -E cmake_link_script CMakeFiles/cmTC_bb9b1.dir/link.txt --verbose=1
/usr/bin/cc  -DCMAKE_HAVE_LIBC_PTHREAD CMakeFiles/cmTC_bb9b1.dir/src.c.o -o cmTC_bb9b1 
/usr/bin/ld: CMakeFiles/cmTC_bb9b1.dir/src.c.o: in function `main':
src.c:(.text+0x3e): undefined reference to `pthread_create'
/usr/bin/ld: src.c:(.text+0x4a): undefined reference to `pthread_detach'
/usr/bin/ld: src.c:(.text+0x56): undefined reference to `pthread_cancel'
/usr/bin/ld: src.c:(.text+0x67): undefined reference to `pthread_join'
collect2: error: ld returned 1 exit status
make[1]: *** [CMakeFiles/cmTC_bb9b1.dir/build.make:106: cmTC_bb9b1] Error 1
make[1]: Leaving directory '/home/filippo/Documents/Università/Embedded & IoT Systems Design/Laboratorio/VR458510_Filippo_Nevi/Solutions/02/RTL/build/CMakeFiles/CMakeTmp'
make: *** [Makefile:140: cmTC_bb9b1/fast] Error 2


Source file was:
#include <pthread.h>

void* test_func(void* data)
{
  return data;
}

int main(void)
{
  pthread_t thread;
  pthread_create(&thread, NULL, test_func, NULL);
  pthread_detach(thread);
  pthread_cancel(thread);
  pthread_join(thread, NULL);
  pthread_atfork(NULL, NULL, NULL);
  pthread_exit(NULL);

  return 0;
}

Performing C SOURCE FILE Test CMAKE_HAVE_LIBC_PTHREAD failed with the following output:
Change Dir: /home/filippo/Documents/Università/Embedded & IoT Systems Design/Laboratorio/VR458510_Filippo_Nevi/Solutions/02/RTL/build/CMakeFiles/CMakeTmp

Run Build Command(s):/usr/bin/make cmTC_17b6d/fast && make[1]: Entering directory '/home/filippo/Documents/Università/Embedded & IoT Systems Design/Laboratorio/VR458510_Filippo_Nevi/Solutions/02/RTL/build/CMakeFiles/CMakeTmp'
/usr/bin/make -f CMakeFiles/cmTC_17b6d.dir/build.make CMakeFiles/cmTC_17b6d.dir/build
make[2]: Entering directory '/home/filippo/Documents/Università/Embedded & IoT Systems Design/Laboratorio/VR458510_Filippo_Nevi/Solutions/02/RTL/build/CMakeFiles/CMakeTmp'
Building C object CMakeFiles/cmTC_17b6d.dir/src.c.o
/usr/bin/cc   -DCMAKE_HAVE_LIBC_PTHREAD   -o CMakeFiles/cmTC_17b6d.dir/src.c.o   -c "/home/filippo/Documents/Università/Embedded & IoT Systems Design/Laboratorio/VR458510_Filippo_Nevi/Solutions/02/RTL/build/CMakeFiles/CMakeTmp/src.c"
Linking C executable cmTC_17b6d
/usr/bin/cmake -E cmake_link_script CMakeFiles/cmTC_17b6d.dir/link.txt --verbose=1
/usr/bin/cc  -DCMAKE_HAVE_LIBC_PTHREAD    CMakeFiles/cmTC_17b6d.dir/src.c.o  -o cmTC_17b6d 
/usr/bin/ld: CMakeFiles/cmTC_17b6d.dir/src.c.o: in function `main':
src.c:(.text+0x46): undefined reference to `pthread_create'
/usr/bin/ld: src.c:(.text+0x52): undefined reference to `pthread_detach'
/usr/bin/ld: src.c:(.text+0x63): undefined reference to `pthread_join'
collect2: error: ld returned 1 exit status
make[2]: *** [CMakeFiles/cmTC_17b6d.dir/build.make:87: cmTC_17b6d] Error 1
make[2]: Leaving directory '/home/filippo/Documents/Università/Embedded & IoT Systems Design/Laboratorio/VR458510_Filippo_Nevi/Solutions/02/RTL/build/CMakeFiles/CMakeTmp'
make[1]: *** [Makefile:121: cmTC_17b6d/fast] Error 2
make[1]: Leaving directory '/home/filippo/Documents/Università/Embedded & IoT Systems Design/Laboratorio/VR458510_Filippo_Nevi/Solutions/02/RTL/build/CMakeFiles/CMakeTmp'


Source file was:
#include <pthread.h>

void* test_func(void* data)
{
  return data;
}

int main(void)
{
  pthread_t thread;
  pthread_create(&thread, NULL, test_func, NULL);
  pthread_detach(thread);
  pthread_join(thread, NULL);
  pthread_atfork(NULL, NULL, NULL);
  pthread_exit(NULL);

  return 0;
}

