ca65 V2.17 - Git 582aa41
Main file   : src/routines.s
Current file: src/routines.s

000000r 1               ;
000000r 1               ; File generated by cc65 v 2.17 - Git 582aa41
000000r 1               ;
000000r 1               	.fopt		compiler,"cc65 v 2.17 - Git 582aa41"
000000r 1               	.setcpu		"6502"
000000r 1               	.smart		on
000000r 1               	.autoimport	on
000000r 1               	.case		on
000000r 1               	.debuginfo	off
000000r 1               	.importzp	sp, sreg, regsave, regbank
000000r 1               	.importzp	tmp1, tmp2, tmp3, tmp4, ptr1, ptr2, ptr3, ptr4
000000r 1               	.macpack	longbranch
000000r 2               .macro  jeq     Target
000000r 2                       .if     .match(Target, 0)
000000r 2                       bne     *+5
000000r 2                       jmp     Target
000000r 2                       .elseif .def(Target) .and .const((*-2)-(Target)) .and ((*+2)-(Target) <= 127)
000000r 2                               beq     Target
000000r 2                       .else
000000r 2                               bne     *+5
000000r 2                               jmp     Target
000000r 2                       .endif
000000r 2               .endmacro
000000r 2               .macro  jne     Target
000000r 2                       .if     .match(Target, 0)
000000r 2                               beq     *+5
000000r 2                               jmp     Target
000000r 2                       .elseif .def(Target) .and .const((*-2)-(Target)) .and ((*+2)-(Target) <= 127)
000000r 2                               bne     Target
000000r 2                       .else
000000r 2                               beq     *+5
000000r 2                               jmp     Target
000000r 2                       .endif
000000r 2               .endmacro
000000r 2               .macro  jmi     Target
000000r 2                       .if     .match(Target, 0)
000000r 2                               bpl     *+5
000000r 2                               jmp     Target
000000r 2                       .elseif .def(Target) .and .const((*-2)-(Target)) .and ((*+2)-(Target) <= 127)
000000r 2                               bmi     Target
000000r 2                       .else
000000r 2                               bpl     *+5
000000r 2                               jmp     Target
000000r 2                       .endif
000000r 2               .endmacro
000000r 2               .macro  jpl     Target
000000r 2                       .if     .match(Target, 0)
000000r 2                               bmi     *+5
000000r 2                               jmp     Target
000000r 2                       .elseif .def(Target) .and .const((*-2)-(Target)) .and ((*+2)-(Target) <= 127)
000000r 2                               bpl     Target
000000r 2                       .else
000000r 2                               bmi     *+5
000000r 2                               jmp     Target
000000r 2                       .endif
000000r 2               .endmacro
000000r 2               .macro  jcs     Target
000000r 2                       .if     .match(Target, 0)
000000r 2                               bcc     *+5
000000r 2                               jmp     Target
000000r 2                       .elseif .def(Target) .and .const((*-2)-(Target)) .and ((*+2)-(Target) <= 127)
000000r 2                               bcs     Target
000000r 2                       .else
000000r 2                               bcc     *+5
000000r 2                               jmp     Target
000000r 2                       .endif
000000r 2               .endmacro
000000r 2               .macro  jcc     Target
000000r 2                       .if     .match(Target, 0)
000000r 2                               bcs     *+5
000000r 2                               jmp     Target
000000r 2                       .elseif .def(Target) .and .const((*-2)-(Target)) .and ((*+2)-(Target) <= 127)
000000r 2                               bcc     Target
000000r 2                       .else
000000r 2                               bcs     *+5
000000r 2                               jmp     Target
000000r 2                       .endif
000000r 2               .endmacro
000000r 2               .macro  jvs     Target
000000r 2                       .if     .match(Target, 0)
000000r 2                               bvc     *+5
000000r 2                               jmp     Target
000000r 2                       .elseif .def(Target) .and .const((*-2)-(Target)) .and ((*+2)-(Target) <= 127)
000000r 2                               bvs     Target
000000r 2                       .else
000000r 2                               bvc     *+5
000000r 2                               jmp     Target
000000r 2                       .endif
000000r 2               .endmacro
000000r 2               .macro  jvc     Target
000000r 2                       .if     .match(Target, 0)
000000r 2                               bvs     *+5
000000r 2                               jmp     Target
000000r 2                       .elseif .def(Target) .and .const((*-2)-(Target)) .and ((*+2)-(Target) <= 127)
000000r 2                               bvc     Target
000000r 2                       .else
000000r 2                               bvs     *+5
000000r 2                               jmp     Target
000000r 2                       .endif
000000r 2               .endmacro
000000r 2               
000000r 1               	.import		_set_psel
000000r 1               	.import		_set_penable
000000r 1               	.import		_set_presetn
000000r 1               	.import		_set_pwrite
000000r 1               	.import		_get_pready
000000r 1               	.import		_set_pwdata_8
000000r 1               	.import		_set_pwdata_16
000000r 1               	.import		_set_pwdata
000000r 1               	.import		_get_prdata
000000r 1               	.import		_reset_flags
000000r 1               	.export		_mul
000000r 1               	.export		_io_write
000000r 1               	.export		_io_read
000000r 1               	.export		_root
000000r 1               
000000r 1               ; ---------------------------------------------------------------
000000r 1               ; unsigned long __near__ mul (unsigned int, unsigned int)
000000r 1               ; ---------------------------------------------------------------
000000r 1               
000000r 1               .segment	"CODE"
000000r 1               
000000r 1               .proc	_mul: near
000000r 1               
000000r 1               .segment	"CODE"
000000r 1               
000000r 1  20 rr rr     	jsr     pushax
000003r 1  A2 00        	ldx     #$00
000005r 1  20 rr rr     	jsr     pushl0
000008r 1  20 rr rr     	jsr     _reset_flags
00000Br 1  A0 09        	ldy     #$09
00000Dr 1  20 rr rr     	jsr     pushwysp
000010r 1  A0 07        	ldy     #$07
000012r 1  B1 rr        	lda     (sp),y
000014r 1  AA           	tax
000015r 1  88           	dey
000016r 1  B1 rr        	lda     (sp),y
000018r 1  20 rr rr     	jsr     _set_pwdata_16
00001Br 1  A9 01        	lda     #$01
00001Dr 1  20 rr rr     	jsr     _set_psel
000020r 1  A9 01        	lda     #$01
000022r 1  20 rr rr     	jsr     _set_penable
000025r 1  4C rr rr     	jmp     L000E
000028r 1  EA           L000C:	nop
000029r 1  20 rr rr     L000E:	jsr     _get_pready
00002Cr 1  C9 00        	cmp     #$00
00002Er 1  F0 F8        	beq     L000C
000030r 1  20 rr rr     	jsr     _get_prdata
000033r 1  20 rr rr     	jsr     steax0sp
000036r 1  A9 00        	lda     #$00
000038r 1  20 rr rr     	jsr     _set_penable
00003Br 1  A9 00        	lda     #$00
00003Dr 1  20 rr rr     	jsr     _set_psel
000040r 1  20 rr rr     	jsr     ldeax0sp
000043r 1  4C rr rr     	jmp     incsp8
000046r 1               
000046r 1               .endproc
000046r 1               
000046r 1               ; ---------------------------------------------------------------
000046r 1               ; void __near__ io_write (unsigned long)
000046r 1               ; ---------------------------------------------------------------
000046r 1               
000046r 1               .segment	"CODE"
000046r 1               
000046r 1               .proc	_io_write: near
000046r 1               
000046r 1               .segment	"CODE"
000046r 1               
000046r 1  20 rr rr     	jsr     pusheax
000049r 1  20 rr rr     	jsr     _reset_flags
00004Cr 1  20 rr rr     	jsr     ldeax0sp
00004Fr 1  20 rr rr     	jsr     _set_pwdata
000052r 1  A9 01        	lda     #$01
000054r 1  20 rr rr     	jsr     _set_pwrite
000057r 1  A9 02        	lda     #$02
000059r 1  20 rr rr     	jsr     _set_psel
00005Cr 1  A9 00        	lda     #$00
00005Er 1  20 rr rr     	jsr     _set_psel
000061r 1  A9 00        	lda     #$00
000063r 1  20 rr rr     	jsr     _set_penable
000066r 1  A2 00        	ldx     #$00
000068r 1  86 rr        	stx     sreg
00006Ar 1  86 rr        	stx     sreg+1
00006Cr 1  8A           	txa
00006Dr 1  20 rr rr     	jsr     _set_pwdata
000070r 1  A9 00        	lda     #$00
000072r 1  20 rr rr     	jsr     _set_pwrite
000075r 1  4C rr rr     	jmp     incsp4
000078r 1               
000078r 1               .endproc
000078r 1               
000078r 1               ; ---------------------------------------------------------------
000078r 1               ; unsigned long __near__ io_read (void)
000078r 1               ; ---------------------------------------------------------------
000078r 1               
000078r 1               .segment	"CODE"
000078r 1               
000078r 1               .proc	_io_read: near
000078r 1               
000078r 1               .segment	"CODE"
000078r 1               
000078r 1  20 rr rr     	jsr     decsp4
00007Br 1  20 rr rr     	jsr     _reset_flags
00007Er 1  A9 00        	lda     #$00
000080r 1  20 rr rr     	jsr     _set_pwrite
000083r 1  A9 02        	lda     #$02
000085r 1  20 rr rr     	jsr     _set_psel
000088r 1  4C rr rr     	jmp     L0052
00008Br 1  EA           L0050:	nop
00008Cr 1  20 rr rr     L0052:	jsr     _get_pready
00008Fr 1  C9 00        	cmp     #$00
000091r 1  F0 F8        	beq     L0050
000093r 1  20 rr rr     	jsr     _get_prdata
000096r 1  20 rr rr     	jsr     steax0sp
000099r 1  A9 00        	lda     #$00
00009Br 1  20 rr rr     	jsr     _set_psel
00009Er 1  A9 00        	lda     #$00
0000A0r 1  20 rr rr     	jsr     _set_penable
0000A3r 1  A2 00        	ldx     #$00
0000A5r 1  86 rr        	stx     sreg
0000A7r 1  86 rr        	stx     sreg+1
0000A9r 1  8A           	txa
0000AAr 1  20 rr rr     	jsr     _set_pwdata
0000ADr 1  A9 00        	lda     #$00
0000AFr 1  20 rr rr     	jsr     _set_pwrite
0000B2r 1  20 rr rr     	jsr     ldeax0sp
0000B5r 1  4C rr rr     	jmp     incsp4
0000B8r 1               
0000B8r 1               .endproc
0000B8r 1               
0000B8r 1               ; ---------------------------------------------------------------
0000B8r 1               ; unsigned long __near__ root (unsigned char, unsigned char, unsigned char, unsigned char)
0000B8r 1               ; ---------------------------------------------------------------
0000B8r 1               
0000B8r 1               .segment	"CODE"
0000B8r 1               
0000B8r 1               .proc	_root: near
0000B8r 1               
0000B8r 1               .segment	"CODE"
0000B8r 1               
0000B8r 1  20 rr rr     	jsr     pusha
0000BBr 1  A2 00        	ldx     #$00
0000BDr 1  20 rr rr     	jsr     pushl0
0000C0r 1  20 rr rr     	jsr     _reset_flags
0000C3r 1  20 rr rr     	jsr     decsp3
0000C6r 1  A0 0A        	ldy     #$0A
0000C8r 1  B1 rr        	lda     (sp),y
0000CAr 1  A0 02        	ldy     #$02
0000CCr 1  91 rr        	sta     (sp),y
0000CEr 1  A0 09        	ldy     #$09
0000D0r 1  B1 rr        	lda     (sp),y
0000D2r 1  A0 01        	ldy     #$01
0000D4r 1  91 rr        	sta     (sp),y
0000D6r 1  A0 08        	ldy     #$08
0000D8r 1  B1 rr        	lda     (sp),y
0000DAr 1  A0 00        	ldy     #$00
0000DCr 1  91 rr        	sta     (sp),y
0000DEr 1  A0 07        	ldy     #$07
0000E0r 1  B1 rr        	lda     (sp),y
0000E2r 1  20 rr rr     	jsr     _set_pwdata_8
0000E5r 1  A9 04        	lda     #$04
0000E7r 1  20 rr rr     	jsr     _set_psel
0000EAr 1  A9 01        	lda     #$01
0000ECr 1  20 rr rr     	jsr     _set_presetn
0000EFr 1  A9 01        	lda     #$01
0000F1r 1  20 rr rr     	jsr     _set_penable
0000F4r 1  4C rr rr     	jmp     L002B
0000F7r 1  EA           L0029:	nop
0000F8r 1  20 rr rr     L002B:	jsr     _get_pready
0000FBr 1  C9 00        	cmp     #$00
0000FDr 1  F0 F8        	beq     L0029
0000FFr 1  20 rr rr     	jsr     _get_prdata
000102r 1  20 rr rr     	jsr     steax0sp
000105r 1  A9 00        	lda     #$00
000107r 1  20 rr rr     	jsr     _set_penable
00010Ar 1  A9 00        	lda     #$00
00010Cr 1  20 rr rr     	jsr     _set_psel
00010Fr 1  20 rr rr     	jsr     ldeax0sp
000112r 1  4C rr rr     	jmp     incsp8
000115r 1               
000115r 1               .endproc
000115r 1               
000115r 1               
